  base.cpp
  bullet.cpp
  enemySpawner.cpp
  game.cpp
C:\Users\WorkStation\Documents\GitHub\GameDevStudy\HrabetsBattleCity\HrabetsBattleCity\game.cpp(42,19): warning C4150: deletion of pointer to incomplete type 'Sprite'; no destructor called
C:\Users\WorkStation\Documents\GitHub\GameDevStudy\HrabetsBattleCity\HrabetsBattleCity\Framework.h(18): message : see declaration of 'Sprite'
C:\Users\WorkStation\Documents\GitHub\GameDevStudy\HrabetsBattleCity\HrabetsBattleCity\game.cpp(49,12): warning C4244: 'argument': conversion from 'time_t' to 'unsigned int', possible loss of data
C:\Users\WorkStation\Documents\GitHub\GameDevStudy\HrabetsBattleCity\HrabetsBattleCity\game.cpp(69,62): warning C4244: 'argument': conversion from 'int' to 'float', possible loss of data
C:\Users\WorkStation\Documents\GitHub\GameDevStudy\HrabetsBattleCity\HrabetsBattleCity\game.cpp(69,59): warning C4244: 'argument': conversion from 'int' to 'float', possible loss of data
C:\Users\WorkStation\Documents\GitHub\GameDevStudy\HrabetsBattleCity\HrabetsBattleCity\game.cpp(76,62): warning C4244: 'argument': conversion from 'int' to 'float', possible loss of data
C:\Users\WorkStation\Documents\GitHub\GameDevStudy\HrabetsBattleCity\HrabetsBattleCity\game.cpp(76,59): warning C4244: 'argument': conversion from 'int' to 'float', possible loss of data
C:\Users\WorkStation\Documents\GitHub\GameDevStudy\HrabetsBattleCity\HrabetsBattleCity\game.cpp(84,51): warning C4244: 'argument': conversion from 'int' to 'float', possible loss of data
C:\Users\WorkStation\Documents\GitHub\GameDevStudy\HrabetsBattleCity\HrabetsBattleCity\game.cpp(84,48): warning C4244: 'argument': conversion from 'int' to 'float', possible loss of data
C:\Users\WorkStation\Documents\GitHub\GameDevStudy\HrabetsBattleCity\HrabetsBattleCity\game.cpp(91,81): warning C4244: 'argument': conversion from 'double' to 'float', possible loss of data
C:\Users\WorkStation\Documents\GitHub\GameDevStudy\HrabetsBattleCity\HrabetsBattleCity\game.cpp(91,72): warning C4244: 'argument': conversion from 'double' to 'float', possible loss of data
C:\Users\WorkStation\Documents\GitHub\GameDevStudy\HrabetsBattleCity\HrabetsBattleCity\game.cpp(98,50): warning C4244: 'argument': conversion from 'int' to 'float', possible loss of data
C:\Users\WorkStation\Documents\GitHub\GameDevStudy\HrabetsBattleCity\HrabetsBattleCity\game.cpp(98,47): warning C4244: 'argument': conversion from 'int' to 'float', possible loss of data
C:\Users\WorkStation\Documents\GitHub\GameDevStudy\HrabetsBattleCity\HrabetsBattleCity\game.cpp(249,10): warning C4244: 'initializing': conversion from 'float' to 'int', possible loss of data
C:\Users\WorkStation\Documents\GitHub\GameDevStudy\HrabetsBattleCity\HrabetsBattleCity\game.cpp(250,10): warning C4244: 'initializing': conversion from 'float' to 'int', possible loss of data
C:\Users\WorkStation\Documents\GitHub\GameDevStudy\HrabetsBattleCity\HrabetsBattleCity\game.cpp(280,87): warning C4244: 'argument': conversion from 'int' to 'float', possible loss of data
C:\Users\WorkStation\Documents\GitHub\GameDevStudy\HrabetsBattleCity\HrabetsBattleCity\game.cpp(280,66): warning C4244: 'argument': conversion from 'int' to 'float', possible loss of data
  gameObject.cpp
  main.cpp
  tank.cpp
C:\Users\WorkStation\Documents\GitHub\GameDevStudy\HrabetsBattleCity\HrabetsBattleCity\tank.cpp(80,22): warning C4244: '=': conversion from 'double' to 'float', possible loss of data
C:\Users\WorkStation\Documents\GitHub\GameDevStudy\HrabetsBattleCity\HrabetsBattleCity\tank.cpp(81,22): warning C4244: '=': conversion from 'double' to 'float', possible loss of data
C:\Users\WorkStation\Documents\GitHub\GameDevStudy\HrabetsBattleCity\HrabetsBattleCity\tank.cpp(85,35): warning C4244: '=': conversion from 'double' to 'float', possible loss of data
C:\Users\WorkStation\Documents\GitHub\GameDevStudy\HrabetsBattleCity\HrabetsBattleCity\tank.cpp(86,22): warning C4244: '=': conversion from 'double' to 'float', possible loss of data
C:\Users\WorkStation\Documents\GitHub\GameDevStudy\HrabetsBattleCity\HrabetsBattleCity\tank.cpp(89,22): warning C4244: '=': conversion from 'double' to 'float', possible loss of data
C:\Users\WorkStation\Documents\GitHub\GameDevStudy\HrabetsBattleCity\HrabetsBattleCity\tank.cpp(90,22): warning C4244: '=': conversion from 'double' to 'float', possible loss of data
C:\Users\WorkStation\Documents\GitHub\GameDevStudy\HrabetsBattleCity\HrabetsBattleCity\tank.cpp(93,36): warning C4244: '=': conversion from 'double' to 'float', possible loss of data
C:\Users\WorkStation\Documents\GitHub\GameDevStudy\HrabetsBattleCity\HrabetsBattleCity\tank.cpp(94,22): warning C4244: '=': conversion from 'double' to 'float', possible loss of data
  tankEnemy.cpp
  tankPlayer.cpp
  utils.cpp
  wall.cpp
  Generating code
  140 of 140 functions (100.0%) were compiled.
    45 functions were new in current compilation
    0 functions had inline decision re-evaluated but remain unchanged
  Finished generating code
  HrabetsBattleCity.vcxproj -> C:\Users\WorkStation\Documents\GitHub\GameDevStudy\HrabetsBattleCity\x64\Release\HrabetsBattleCity.exe
